18297827338:ENCOLADO ans_6c8ce0d2-67e3-4578-b4a5-59611c0f0608
EJECUTANDO:ans_6c8ce0d2-67e3-4578-b4a5-59611c0f0608
18297827338:SUCCESS
18297827338:ENCOLADO ans_8f270724-35cc-4694-8811-00902e809aad
EJECUTANDO:ans_8f270724-35cc-4694-8811-00902e809aad
18297827338:SUCCESS
18297827338:ENCOLADO ans_047d658a-9d79-462d-aef0-de682b855bff
EJECUTANDO:ans_047d658a-9d79-462d-aef0-de682b855bff
18297827338:SUCCESS
18297827338:ENCOLADO ans_335242c3-3de0-4a63-881a-e31b3347098c
EJECUTANDO:ans_335242c3-3de0-4a63-881a-e31b3347098c
18297827338:SUCCESS
18297827338:ENCOLADO ans_04a0c0b8-bfdb-44eb-9de7-8db272963032
EJECUTANDO:ans_04a0c0b8-bfdb-44eb-9de7-8db272963032
18297827338:SUCCESS
18297827338:ENCOLADO ans_31af2144-5904-449f-b656-c9fac8269084
EJECUTANDO:ans_31af2144-5904-449f-b656-c9fac8269084
18297827338:SUCCESS
18297827338:ENCOLADO ans_b3c9cf30-b6c3-4baf-b4c0-cb72523d121a
EJECUTANDO:ans_b3c9cf30-b6c3-4baf-b4c0-cb72523d121a
18297827338:SUCCESS
18297827338:ENCOLADO ans_2ec161cb-be23-4fd7-9e2a-c312ec6eb67a
EJECUTANDO:ans_2ec161cb-be23-4fd7-9e2a-c312ec6eb67a
18297827338:SUCCESS
18297827338:ENCOLADO ans_04a0c0b8-bfdb-44eb-9de7-8db272963032
EJECUTANDO:ans_04a0c0b8-bfdb-44eb-9de7-8db272963032
18297827338:SUCCESS
18297827338:ENCOLADO ans_04a0c0b8-bfdb-44eb-9de7-8db272963032
EJECUTANDO:ans_04a0c0b8-bfdb-44eb-9de7-8db272963032
18297827338:SUCCESS
